<?xml version="1.0" encoding="UTF-8"?>
<!-- Generated by org.testng.reporters.JUnitXMLReporter -->
<testsuite hostname="DESKTOP-DRRO17G" name="test1" tests="10" failures="1" timestamp="5 May 2020 07:30:06 GMT" time="0.183" errors="0">
  <testcase name="tc001" time="0.025" classname="framework.testng.Listeners.MyTest"/>
  <testcase name="tc002" time="0.011" classname="framework.testng.Listeners.MyTest">
    <failure type="java.lang.AssertionError" message="expected [google] but found [gmail]">
      <![CDATA[java.lang.AssertionError: expected [google] but found [gmail]
	at framework.testng.Listeners.MyTest.tc002(MyTest.java:18)
... Removed 31 stack frames]]>
    </failure>
  </testcase> <!-- tc002 -->
  <testcase name="tc003" time="0.009" classname="framework.testng.Listeners.MyTest">
    <skipped/>
  </testcase> <!-- tc003 -->
  <testcase name="tc004" time="0.003" classname="framework.testng.Listeners.MyTest"/>
  <testcase name="tc005" time="0.003" classname="framework.testng.Listeners.MyTest">
    <skipped/>
  </testcase> <!-- tc005 -->
  <testcase name="tc006" time="0.008" classname="framework.testng.Listeners.MyTest"/>
  <testcase name="tc006" time="0.009" classname="framework.testng.Listeners.MyTest"/>
  <testcase name="tc006" time="0.003" classname="framework.testng.Listeners.MyTest"/>
  <testcase name="tc006" time="0.002" classname="framework.testng.Listeners.MyTest"/>
  <testcase name="tc006" time="0.004" classname="framework.testng.Listeners.MyTest"/>
</testsuite> <!-- test1 -->
