<?xml version="1.0" encoding="UTF-8"?>
<!-- Generated by org.testng.reporters.JUnitXMLReporter -->
<testsuite hostname="DESKTOP-DRRO17G" name="Test_chrome" tests="4" failures="0" timestamp="26 Apr 2020 06:19:49 GMT" time="35.411" errors="0">
  <testcase name="launchBrowser" time="4.23" classname="framework.testng.CrossBrowser.CrossBrowser_Test"/>
  <testcase name="loadApp" time="12.964" classname="framework.testng.CrossBrowser.CrossBrowser_Test"/>
  <testcase name="flight_search" time="12.804" classname="framework.testng.CrossBrowser.CrossBrowser_Test"/>
  <testcase name="closeBrowser" time="5.37" classname="framework.testng.CrossBrowser.CrossBrowser_Test"/>
</testsuite> <!-- Test_chrome -->
