<?xml version="1.0" encoding="UTF-8"?>
<!-- Generated by org.testng.reporters.JUnitXMLReporter -->
<testsuite hostname="DESKTOP-DRRO17G" name="Test_firefox" tests="4" failures="0" timestamp="26 Apr 2020 06:19:55 GMT" time="41.685" errors="0">
  <testcase name="launchBrowser" time="8.933" classname="framework.testng.CrossBrowser.CrossBrowser_Test"/>
  <testcase name="loadApp" time="12.474" classname="framework.testng.CrossBrowser.CrossBrowser_Test"/>
  <testcase name="flight_search" time="12.928" classname="framework.testng.CrossBrowser.CrossBrowser_Test"/>
  <testcase name="closeBrowser" time="7.31" classname="framework.testng.CrossBrowser.CrossBrowser_Test"/>
</testsuite> <!-- Test_firefox -->
