<?xml version="1.0" encoding="UTF-8"?>
<!-- Generated by org.testng.reporters.JUnitXMLReporter -->
<testsuite hostname="DESKTOP-DRRO17G" name="default-test" tests="6" failures="0" timestamp="26 Apr 2020 04:47:19 GMT" time="0.1" errors="0">
  <testcase name="tc002" time="0.022" classname="framework.testng.TestSuite.Class1"/>
  <testcase name="tc005" time="0.002" classname="framework.testng.TestSuite.Class2"/>
  <testcase name="tc006" time="0.004" classname="framework.testng.TestSuite.Class2"/>
  <testcase name="tc007" time="0.006" classname="framework.testng.TestSuite.Class3"/>
  <testcase name="tc008" time="0.004" classname="framework.testng.TestSuite.Class3"/>
  <testcase name="tc009" time="0.002" classname="framework.testng.TestSuite.Class3"/>
</testsuite> <!-- default-test -->
