<?xml version="1.0" encoding="UTF-8"?>
<!-- Generated by org.testng.reporters.JUnitXMLReporter -->
<testsuite hostname="DESKTOP-DRRO17G" name="test_chrome" tests="7" failures="0" timestamp="29 Apr 2020 06:24:53 GMT" time="0.067" errors="0">
  <testcase name="tc001" time="0.002" classname="framework.testng.BeforeTest_and_AfterTest.ClassA"/>
  <testcase name="tc002" time="0.004" classname="framework.testng.BeforeTest_and_AfterTest.ClassA"/>
  <testcase name="tc003" time="0.003" classname="framework.testng.BeforeTest_and_AfterTest.ClassA"/>
  <testcase name="tc004" time="0.001" classname="framework.testng.BeforeTest_and_AfterTest.ClassB"/>
  <testcase name="tc005" time="0.002" classname="framework.testng.BeforeTest_and_AfterTest.ClassB"/>
  <testcase name="tc006" time="0.019" classname="framework.testng.BeforeTest_and_AfterTest.ClassB"/>
  <testcase name="login" time="0.002" classname="framework.testng.BeforeTest_and_AfterTest.Test_for_Chrome"/>
</testsuite> <!-- test_chrome -->
