<?xml version="1.0" encoding="UTF-8"?>
<!-- Generated by org.testng.reporters.JUnitXMLReporter -->
<testsuite hostname="DESKTOP-DRRO17G" name="default-test" tests="6" failures="1" timestamp="26 Apr 2020 05:07:20 GMT" time="0.1" errors="0">
  <testcase name="tc001" time="0.024" classname="framework.testng.Groups.Class1"/>
  <testcase name="tc003" time="0.004" classname="framework.testng.Groups.Class1"/>
  <testcase name="tc005" time="0.003" classname="framework.testng.Groups.Class2"/>
  <testcase name="tc007" time="0.006" classname="framework.testng.Groups.Class3">
    <failure type="java.lang.AssertionError" message="expected [BB] but found [AA]">
      <![CDATA[java.lang.AssertionError: expected [BB] but found [AA]
	at framework.testng.Groups.Class3.tc007(Class3.java:12)
... Removed 31 stack frames]]>
    </failure>
  </testcase> <!-- tc007 -->
  <testcase name="tc008" time="0.0" classname="framework.testng.Groups.Class3">
    <skipped/>
  </testcase> <!-- tc008 -->
  <testcase name="tc009" time="0.0" classname="framework.testng.Groups.Class3">
    <skipped/>
  </testcase> <!-- tc009 -->
</testsuite> <!-- default-test -->
